# JRE version: Java(TM) SE Runtime Environment (8.0_141-b15) (build 1.8.0_141-b15)
# Java VM: Java HotSpot(TM) 64-Bit Server VM (25.141-b15 mixed mode windows-amd64 compressed oops)
Heap:
 PSYoungGen      total 239616K, used 93880K [0x00000000d5e00000, 0x00000000e9700000, 0x0000000100000000)
  eden space 224768K, 35% used [0x00000000d5e00000,0x00000000dab7d650,0x00000000e3980000)
  from space 14848K, 97% used [0x00000000e8880000,0x00000000e96b0d58,0x00000000e9700000)
  to   space 19968K, 0% used [0x00000000e7000000,0x00000000e7000000,0x00000000e8380000)
 ParOldGen       total 96256K, used 32719K [0x0000000081a00000, 0x0000000087800000, 0x00000000d5e00000)
  object space 96256K, 33% used [0x0000000081a00000,0x00000000839f3cd0,0x0000000087800000)
 Metaspace       used 56591K, capacity 57368K, committed 57600K, reserved 1099776K
  class space    used 7163K, capacity 7351K, committed 7424K, reserved 1048576K
GC Heap History (10 events):
Event: 9.384 GC heap before
{Heap before GC invocations=10 (full 1):
 PSYoungGen      total 184832K, used 118926K [0x00000000d5e00000, 0x00000000e4480000, 0x0000000100000000)
  eden space 175104K, 62% used [0x00000000d5e00000,0x00000000dc8aa590,0x00000000e0900000)
  from space 9728K, 99% used [0x00000000e1680000,0x00000000e1ff9318,0x00000000e2000000)
  to   space 13824K, 0% used [0x00000000e0900000,0x00000000e0900000,0x00000000e1680000)
 ParOldGen       total 54784K, used 14988K [0x0000000081a00000, 0x0000000084f80000, 0x00000000d5e00000)
  object space 54784K, 27% used [0x0000000081a00000,0x00000000828a3270,0x0000000084f80000)
 Metaspace       used 34891K, capacity 35174K, committed 35456K, reserved 1081344K
  class space    used 4368K, capacity 4456K, committed 4480K, reserved 1048576K
Event: 9.401 GC heap after
Heap after GC invocations=10 (full 1):
 PSYoungGen      total 188928K, used 13796K [0x00000000d5e00000, 0x00000000e6a00000, 0x0000000100000000)
  eden space 175104K, 0% used [0x00000000d5e00000,0x00000000d5e00000,0x00000000e0900000)
  from space 13824K, 99% used [0x00000000e0900000,0x00000000e16792b0,0x00000000e1680000)
  to   space 17408K, 0% used [0x00000000e5900000,0x00000000e5900000,0x00000000e6a00000)
 ParOldGen       total 54784K, used 18488K [0x0000000081a00000, 0x0000000084f80000, 0x00000000d5e00000)
  object space 54784K, 33% used [0x0000000081a00000,0x0000000082c0e238,0x0000000084f80000)
 Metaspace       used 34891K, capacity 35174K, committed 35456K, reserved 1081344K
  class space    used 4368K, capacity 4456K, committed 4480K, reserved 1048576K
}
Event: 9.401 GC heap before
{Heap before GC invocations=11 (full 2):
 PSYoungGen      total 188928K, used 13796K [0x00000000d5e00000, 0x00000000e6a00000, 0x0000000100000000)
  eden space 175104K, 0% used [0x00000000d5e00000,0x00000000d5e00000,0x00000000e0900000)
  from space 13824K, 99% used [0x00000000e0900000,0x00000000e16792b0,0x00000000e1680000)
  to   space 17408K, 0% used [0x00000000e5900000,0x00000000e5900000,0x00000000e6a00000)
 ParOldGen       total 54784K, used 18488K [0x0000000081a00000, 0x0000000084f80000, 0x00000000d5e00000)
  object space 54784K, 33% used [0x0000000081a00000,0x0000000082c0e238,0x0000000084f80000)
 Metaspace       used 34891K, capacity 35174K, committed 35456K, reserved 1081344K
  class space    used 4368K, capacity 4456K, committed 4480K, reserved 1048576K
Event: 9.493 GC heap after
Heap after GC invocations=11 (full 2):
 PSYoungGen      total 188928K, used 0K [0x00000000d5e00000, 0x00000000e6a00000, 0x0000000100000000)
  eden space 175104K, 0% used [0x00000000d5e00000,0x00000000d5e00000,0x00000000e0900000)
  from space 13824K, 0% used [0x00000000e0900000,0x00000000e0900000,0x00000000e1680000)
  to   space 17408K, 0% used [0x00000000e5900000,0x00000000e5900000,0x00000000e6a00000)
 ParOldGen       total 96256K, used 24639K [0x0000000081a00000, 0x0000000087800000, 0x00000000d5e00000)
  object space 96256K, 25% used [0x0000000081a00000,0x000000008320ffc8,0x0000000087800000)
 Metaspace       used 34891K, capacity 35174K, committed 35456K, reserved 1081344K
  class space    used 4368K, capacity 4456K, committed 4480K, reserved 1048576K
}
Event: 10.790 GC heap before
{Heap before GC invocations=12 (full 2):
 PSYoungGen      total 188928K, used 175104K [0x00000000d5e00000, 0x00000000e6a00000, 0x0000000100000000)
  eden space 175104K, 100% used [0x00000000d5e00000,0x00000000e0900000,0x00000000e0900000)
  from space 13824K, 0% used [0x00000000e0900000,0x00000000e0900000,0x00000000e1680000)
  to   space 17408K, 0% used [0x00000000e5900000,0x00000000e5900000,0x00000000e6a00000)
 ParOldGen       total 96256K, used 24639K [0x0000000081a00000, 0x0000000087800000, 0x00000000d5e00000)
  object space 96256K, 25% used [0x0000000081a00000,0x000000008320ffc8,0x0000000087800000)
 Metaspace       used 40431K, capacity 40846K, committed 41216K, reserved 1085440K
  class space    used 5183K, capacity 5294K, committed 5376K, reserved 1048576K
Event: 10.801 GC heap after
Heap after GC invocations=12 (full 2):
 PSYoungGen      total 235008K, used 8760K [0x00000000d5e00000, 0x00000000e6200000, 0x0000000100000000)
  eden space 225792K, 0% used [0x00000000d5e00000,0x00000000d5e00000,0x00000000e3a80000)
  from space 9216K, 95% used [0x00000000e5900000,0x00000000e618e368,0x00000000e6200000)
  to   space 16384K, 0% used [0x00000000e4200000,0x00000000e4200000,0x00000000e5200000)
 ParOldGen       total 96256K, used 24647K [0x0000000081a00000, 0x0000000087800000, 0x00000000d5e00000)
  object space 96256K, 25% used [0x0000000081a00000,0x0000000083211fc8,0x0000000087800000)
 Metaspace       used 40431K, capacity 40846K, committed 41216K, reserved 1085440K
  class space    used 5183K, capacity 5294K, committed 5376K, reserved 1048576K
}
Event: 13.665 GC heap before
{Heap before GC invocations=13 (full 2):
 PSYoungGen      total 235008K, used 234552K [0x00000000d5e00000, 0x00000000e6200000, 0x0000000100000000)
  eden space 225792K, 100% used [0x00000000d5e00000,0x00000000e3a80000,0x00000000e3a80000)
  from space 9216K, 95% used [0x00000000e5900000,0x00000000e618e368,0x00000000e6200000)
  to   space 16384K, 0% used [0x00000000e4200000,0x00000000e4200000,0x00000000e5200000)
 ParOldGen       total 96256K, used 24647K [0x0000000081a00000, 0x0000000087800000, 0x00000000d5e00000)
  object space 96256K, 25% used [0x0000000081a00000,0x0000000083211fc8,0x0000000087800000)
 Metaspace       used 44937K, capacity 45474K, committed 45952K, reserved 1089536K
  class space    used 5844K, capacity 5986K, committed 6016K, reserved 1048576K
Event: 13.681 GC heap after
Heap after GC invocations=13 (full 2):
 PSYoungGen      total 249856K, used 16383K [0x00000000d5e00000, 0x00000000e9b00000, 0x0000000100000000)
  eden space 233472K, 0% used [0x00000000d5e00000,0x00000000d5e00000,0x00000000e4200000)
  from space 16384K, 99% used [0x00000000e4200000,0x00000000e51ffed0,0x00000000e5200000)
  to   space 18944K, 0% used [0x00000000e8880000,0x00000000e8880000,0x00000000e9b00000)
 ParOldGen       total 96256K, used 24955K [0x0000000081a00000, 0x0000000087800000, 0x00000000d5e00000)
  object space 96256K, 25% used [0x0000000081a00000,0x000000008325ee00,0x0000000087800000)
 Metaspace       used 44937K, capacity 45474K, committed 45952K, reserved 1089536K
  class space    used 5844K, capacity 5986K, committed 6016K, reserved 1048576K
}
Event: 786.097 GC heap before
{Heap before GC invocations=14 (full 2):
 PSYoungGen      total 249856K, used 249855K [0x00000000d5e00000, 0x00000000e9b00000, 0x0000000100000000)
  eden space 233472K, 100% used [0x00000000d5e00000,0x00000000e4200000,0x00000000e4200000)
  from space 16384K, 99% used [0x00000000e4200000,0x00000000e51ffed0,0x00000000e5200000)
  to   space 18944K, 0% used [0x00000000e8880000,0x00000000e8880000,0x00000000e9b00000)
 ParOldGen       total 96256K, used 24955K [0x0000000081a00000, 0x0000000087800000, 0x00000000d5e00000)
  object space 96256K, 25% used [0x0000000081a00000,0x000000008325ee00,0x0000000087800000)
 Metaspace       used 55704K, capacity 56472K, committed 56832K, reserved 1099776K
  class space    used 7161K, capacity 7351K, committed 7424K, reserved 1048576K
Event: 786.139 GC heap after
Heap after GC invocations=14 (full 2):
 PSYoungGen      total 239616K, used 14531K [0x00000000d5e00000, 0x00000000e9700000, 0x0000000100000000)
  eden space 224768K, 0% used [0x00000000d5e00000,0x00000000d5e00000,0x00000000e3980000)
  from space 14848K, 97% used [0x00000000e8880000,0x00000000e96b0d58,0x00000000e9700000)
  to   space 19968K, 0% used [0x00000000e7000000,0x00000000e7000000,0x00000000e8380000)
 ParOldGen       total 96256K, used 32719K [0x0000000081a00000, 0x0000000087800000, 0x00000000d5e00000)
  object space 96256K, 33% used [0x0000000081a00000,0x00000000839f3cd0,0x0000000087800000)
 Metaspace       used 55704K, capacity 56472K, committed 56832K, reserved 1099776K
  class space    used 7161K, capacity 7351K, committed 7424K, reserved 1048576K
}

